2020-03-20 12:08:20,800  INFO       MainProcess  werkzeug  * Running on http://127.0.0.1:5000/ (Press CTRL+C to quit)
2020-03-20 12:08:20,801  INFO       MainProcess  werkzeug  * Restarting with stat
2020-03-20 12:08:21,517  WARNING    MainProcess  werkzeug  * Debugger is active!
2020-03-20 12:08:21,529  INFO       MainProcess  werkzeug  * Debugger PIN: 260-696-548
2020-03-20 13:00:33,271  INFO       MainProcess  werkzeug  * Running on http://127.0.0.1:5000/ (Press CTRL+C to quit)
2020-03-20 13:00:33,272  INFO       MainProcess  werkzeug  * Restarting with stat
2020-03-20 13:00:33,794  WARNING    MainProcess  werkzeug  * Debugger is active!
2020-03-20 13:00:33,803  INFO       MainProcess  werkzeug  * Debugger PIN: 260-696-548
2020-03-20 13:01:40,100  INFO       MainProcess  werkzeug  * Detected change in '/Users/sharmaa1/Desktop/My_Scripts/sample-metadata-app/metadata-app-backend/dbmodels/dbmodels.py', reloading
2020-03-20 13:01:40,217  INFO       MainProcess  werkzeug  * Restarting with stat
2020-03-20 13:01:41,669  WARNING    MainProcess  werkzeug  * Debugger is active!
2020-03-20 13:01:41,677  INFO       MainProcess  werkzeug  * Debugger PIN: 260-696-548
2020-03-20 13:02:13,284  INFO       MainProcess  werkzeug  * Detected change in '/Users/sharmaa1/Desktop/My_Scripts/sample-metadata-app/metadata-app-backend/dbmodels/dbmodels.py', reloading
2020-03-20 13:02:13,385  INFO       MainProcess  werkzeug  * Restarting with stat
2020-03-20 13:02:14,026  WARNING    MainProcess  werkzeug  * Debugger is active!
2020-03-20 13:02:14,032  INFO       MainProcess  werkzeug  * Debugger PIN: 260-696-548
2020-03-20 13:03:10,326  INFO       MainProcess  werkzeug  * Running on http://127.0.0.1:5000/ (Press CTRL+C to quit)
2020-03-20 13:03:10,327  INFO       MainProcess  werkzeug  * Restarting with stat
2020-03-20 13:03:11,045  WARNING    MainProcess  werkzeug  * Debugger is active!
2020-03-20 13:03:11,054  INFO       MainProcess  werkzeug  * Debugger PIN: 260-696-548
2020-03-20 13:03:32,460  INFO       MainProcess  werkzeug  * Detected change in '/Users/sharmaa1/Desktop/My_Scripts/sample-metadata-app/metadata-app-backend/dbmodels/dbmodels.py', reloading
2020-03-20 13:03:32,543  INFO       MainProcess  werkzeug  * Restarting with stat
2020-03-20 13:03:33,129  WARNING    MainProcess  werkzeug  * Debugger is active!
2020-03-20 13:03:33,135  INFO       MainProcess  werkzeug  * Debugger PIN: 260-696-548
2020-03-20 13:03:56,493  INFO       MainProcess  werkzeug  * Running on http://127.0.0.1:5000/ (Press CTRL+C to quit)
2020-03-20 13:03:56,496  INFO       MainProcess  werkzeug  * Restarting with stat
2020-03-20 13:03:57,284  WARNING    MainProcess  werkzeug  * Debugger is active!
2020-03-20 13:03:57,291  INFO       MainProcess  werkzeug  * Debugger PIN: 260-696-548
2020-03-20 13:04:54,379  INFO       MainProcess  werkzeug  * Detected change in '/Users/sharmaa1/Desktop/My_Scripts/sample-metadata-app/metadata-app-backend/dbmodels/dbmodels.py', reloading
2020-03-20 13:04:54,474  INFO       MainProcess  werkzeug  * Restarting with stat
2020-03-20 13:04:55,154  WARNING    MainProcess  werkzeug  * Debugger is active!
2020-03-20 13:04:55,162  INFO       MainProcess  werkzeug  * Debugger PIN: 260-696-548
2020-03-20 13:06:38,858  INFO       MainProcess  werkzeug  * Running on http://127.0.0.1:5000/ (Press CTRL+C to quit)
2020-03-20 13:06:38,859  INFO       MainProcess  werkzeug  * Restarting with stat
2020-03-20 13:06:39,381  WARNING    MainProcess  werkzeug  * Debugger is active!
2020-03-20 13:06:39,388  INFO       MainProcess  werkzeug  * Debugger PIN: 260-696-548
2020-03-20 17:58:53,756  INFO       MainProcess  werkzeug  * Running on http://127.0.0.1:5000/ (Press CTRL+C to quit)
2020-03-20 17:58:53,757  INFO       MainProcess  werkzeug  * Restarting with stat
2020-03-20 17:58:54,273  WARNING    MainProcess  werkzeug  * Debugger is active!
2020-03-20 17:58:54,282  INFO       MainProcess  werkzeug  * Debugger PIN: 260-696-548
2020-03-20 17:59:18,194  INFO       MainProcess  root testing
2020-03-20 17:59:18,294  INFO       MainProcess  werkzeug 127.0.0.1 - - [20/Mar/2020 17:59:18] "[37mGET / HTTP/1.1[0m" 200 -
2020-03-20 17:59:18,863  INFO       MainProcess  werkzeug 127.0.0.1 - - [20/Mar/2020 17:59:18] "[33mGET /favicon.ico HTTP/1.1[0m" 404 -
